<?xml version="1.0" encoding="UTF-8"?>
<!-- Generated by org.testng.reporters.JUnitXMLReporter -->
<testsuite ignored="2" hostname="NEHAs-Air" failures="0" tests="1" name="Default test" time="15.298" errors="0" timestamp="2023-01-27T11:09:14 CET">
  <testcase classname="testcases.ShopingCartTest" name="verifyGiftCertificates" time="6.508"/>
  <testcase classname="testcases.ShopingCartTest" name="verifyEstimateShipingAndTaxes" time="0.0">
    <ignored/>
  </testcase> <!-- verifyEstimateShipingAndTaxes -->
  <testcase classname="testcases.ShopingCartTest" name="verifyProductMovedFromWishlisttoShopingCart" time="0.0">
    <ignored/>
  </testcase> <!-- verifyProductMovedFromWishlisttoShopingCart -->
</testsuite> <!-- Default test -->
