<?xml version="1.0" encoding="UTF-8"?>
<testng-results ignored="0" total="1" passed="1" failed="0" skipped="0">
  <reporter-output>
  </reporter-output>
  <suite started-at="2023-01-28T21:09:49 CET" name="Default suite" finished-at="2023-01-28T21:10:05 CET" duration-ms="16182">
    <groups>
    </groups>
    <test started-at="2023-01-28T21:09:49 CET" name="Default test" finished-at="2023-01-28T21:10:05 CET" duration-ms="16182">
      <class name="testcases.NewsletterTest">
        <test-method is-config="true" signature="setup()[pri:0, instance:testcases.NewsletterTest@20ce78ec]" started-at="2023-01-28T21:09:49 CET" name="setup" finished-at="2023-01-28T21:10:00 CET" duration-ms="11430" status="PASS">
          <reporter-output>
          </reporter-output>
        </test-method> <!-- setup -->
        <test-method signature="validateNewsletterSubscription()[pri:0, instance:testcases.NewsletterTest@20ce78ec]" started-at="2023-01-28T21:10:00 CET" name="validateNewsletterSubscription" finished-at="2023-01-28T21:10:05 CET" duration-ms="4615" status="PASS">
          <reporter-output>
          </reporter-output>
        </test-method> <!-- validateNewsletterSubscription -->
        <test-method is-config="true" signature="quitBrowser(org.testng.ITestResult)[pri:0, instance:testcases.NewsletterTest@20ce78ec]" started-at="2023-01-28T21:10:05 CET" name="quitBrowser" finished-at="2023-01-28T21:10:05 CET" duration-ms="81" status="PASS">
          <params>
            <param index="0">
              <value>
                <![CDATA[[TestResult name=validateNewsletterSubscription status=SUCCESS method=NewsletterTest.validateNewsletterSubscription()[pri:0, instance:testcases.NewsletterTest@20ce78ec] output={null}]]]>
              </value>
            </param>
          </params>
          <reporter-output>
          </reporter-output>
        </test-method> <!-- quitBrowser -->
      </class> <!-- testcases.NewsletterTest -->
    </test> <!-- Default test -->
  </suite> <!-- Default suite -->
</testng-results>
